[debug] [2022-10-22T09:56:34.915Z] ----------------------------------------------------------------------
[debug] [2022-10-22T09:56:34.917Z] Command:       C:\Program Files\nodejs\node.exe C:\Users\Dell\AppData\Roaming\npm\node_modules\firebase-tools\lib\bin\firebase.js init
[debug] [2022-10-22T09:56:34.917Z] CLI Version:   11.15.0
[debug] [2022-10-22T09:56:34.918Z] Platform:      win32
[debug] [2022-10-22T09:56:34.918Z] Node Version:  v16.10.0
[debug] [2022-10-22T09:56:34.919Z] Time:          Sat Oct 22 2022 15:26:34 GMT+0530 (India Standard Time)
[debug] [2022-10-22T09:56:34.919Z] ----------------------------------------------------------------------
[debug] 
[debug] [2022-10-22T09:56:34.995Z] > command requires scopes: ["email","openid","https://www.googleapis.com/auth/cloudplatformprojects.readonly","https://www.googleapis.com/auth/firebase","https://www.googleapis.com/auth/cloud-platform"]
[debug] [2022-10-22T09:56:34.995Z] > authorizing via signed-in user (rav39439@gmail.com)
[info] 
     ######## #### ########  ######## ########     ###     ######  ########
     ##        ##  ##     ## ##       ##     ##  ##   ##  ##       ##
     ######    ##  ########  ######   ########  #########  ######  ######
     ##        ##  ##    ##  ##       ##     ## ##     ##       ## ##
     ##       #### ##     ## ######## ########  ##     ##  ######  ########

You're about to initialize a Firebase project in this directory:

  D:\NewAngularProject\Employeedetails

Before we get started, keep in mind:

  * You are initializing within an existing Firebase project directory

[info] 
=== Project Setup
[info] 
[info] First, let's associate this project directory with a Firebase project.
[info] You can create multiple project aliases by running firebase use --add, 
[info] but for now we'll just set up a default project.
[info] 
[debug] [2022-10-22T09:56:53.632Z] >>> [apiv2][query] GET https://firebase.googleapis.com/v1beta1/projects pageSize=100
[debug] [2022-10-22T09:56:54.449Z] <<< [apiv2][status] GET https://firebase.googleapis.com/v1beta1/projects 200
[debug] [2022-10-22T09:56:54.449Z] <<< [apiv2][body] GET https://firebase.googleapis.com/v1beta1/projects [omitted]
[info] i  Using project employeedetailsapp (EmployeedetailsApp) 
[debug] [2022-10-22T09:57:02.207Z] Error: EBUSY: resource busy or locked, rename 'C:\Users\Dell\.config\configstore\firebase-tools.json.508686253' -> 'C:\Users\Dell\.config\configstore\firebase-tools.json'
    at Object.renameSync (node:fs:980:3)
    at Function.writeFileSync [as sync] (C:\Users\Dell\AppData\Roaming\npm\node_modules\firebase-tools\node_modules\write-file-atomic\index.js:244:8)
    at Configstore.set all [as all] (C:\Users\Dell\AppData\Roaming\npm\node_modules\firebase-tools\node_modules\configstore\index.js:61:20)
    at Configstore.set (C:\Users\Dell\AppData\Roaming\npm\node_modules\firebase-tools\node_modules\configstore\index.js:91:12)
    at Object.makeActiveProject (C:\Users\Dell\AppData\Roaming\npm\node_modules\firebase-tools\lib\utils.js:183:31)
    at doSetup (C:\Users\Dell\AppData\Roaming\npm\node_modules\firebase-tools\lib\init\features\project.js:99:11)
    at processTicksAndRejections (node:internal/process/task_queues:96:5)
    at async init (C:\Users\Dell\AppData\Roaming\npm\node_modules\firebase-tools\lib\init\index.js:36:9)
[error] 
[error] Error: An unexpected error has occurred.
